<?xml version="1.0" encoding="UTF-8"?>
<testsuite xmlns:xsi="http://www.w3.org/2001/XMLSchema-instance" xsi:noNamespaceSchemaLocation="https://maven.apache.org/surefire/maven-surefire-plugin/xsd/surefire-test-report-3.0.xsd" version="3.0" name="runners.SmokeRunner" time="19.637" tests="3" errors="0" skipped="0" failures="0">
  <properties>
[...]
</properties>
  <testcase name="search an employee by id" classname="Employee Search" time="9.073"/>
  <testcase name="valid login" classname="Login" time="4.261"/>
  <testcase name="Invalid login" classname="Login" time="4.847"/>
</testsuite>